<?xml version="1.0" encoding="UTF-8"?>
<testsuite xmlns:xsi="http://www.w3.org/2001/XMLSchema-instance" xsi:noNamespaceSchemaLocation="https://maven.apache.org/surefire/maven-surefire-plugin/xsd/surefire-test-report.xsd" name="com.evelyn.dao.cache.RedisDaoTest" time="2.201" tests="2" errors="0" skipped="0" failures="0">
  <properties>
[...]
</properties>
  <testcase name="putSeckill" classname="com.evelyn.dao.cache.RedisDaoTest" time="0.005"/>
  <testcase name="getSeckill" classname="com.evelyn.dao.cache.RedisDaoTest" time="0.239"/>
</testsuite>